#
# A fatal error has been detected by the Java Runtime Environment:
#
#  SIGSEGV (0xb) at pc=0x0000000104d16361, pid=45868, tid=0x0000000000003907
#
# JRE version: Java(TM) SE Runtime Environment (8.0_171-b11) (build 1.8.0_171-b11)
# Java VM: Java HotSpot(TM) 64-Bit Server VM (25.171-b11 mixed mode bsd-amd64 compressed oops)
# Problematic frame:
# V  [libjvm.dylib+0x316361]
#
# Failed to write core dump. Core dumps have been disabled. To enable core dumping, try "ulimit -c unlimited" before starting Java again
#
# If you would like to submit a bug report, please visit:
#   http://bugreport.java.com/bugreport/crash.jsp
#

---------------  T H R E A D  ---------------

Current thread (0x00007ff79f817000):  JavaThread "JDWP Transport Listener: dt_socket" daemon [_thread_in_vm, id=14599, stack(0x0000700006c3c000,0x0000700006d3c000)]

siginfo: si_signo: 11 (SIGSEGV), si_code: 1 (SEGV_MAPERR), si_addr: 0x000000000000000b

Registers:
RAX=0x00000007c00016d0, RBX=0x00007ff79e5079d0, RCX=0x00000001052ed703, RDX=0x0000000000000003
RSP=0x0000700006d3ba20, RBP=0x0000700006d3ba40, RSI=0x0000000105243ad0, RDI=0x00000007abdf58e0
R8 =0x000000010523c1f0, R9 =0xffffffff00000000, R10=0x000000010523c1e8, R11=0x000000010523c1f0
R12=0x00007ff79f8171f8, R13=0x0000000000000000, R14=0x00007ff79e41ada0, R15=0x00007ff79f8171f8
RIP=0x0000000104d16361, EFLAGS=0x0000000000010202, ERR=0x0000000000000004
  TRAPNO=0x000000000000000e

Top of Stack: (sp=0x0000700006d3ba20)
0x0000700006d3ba20:   00007ff79f817000 00007ff79e41ada0
0x0000700006d3ba30:   00007ff79f8171f8 0000000000000000
0x0000700006d3ba40:   0000700006d3ba60 00000001040e0012
0x0000700006d3ba50:   0000700006d3bb08 00000001040f1598
0x0000700006d3ba60:   0000700006d3bae0 00000001040c4e2f
0x0000700006d3ba70:   0000000106d3baa0 0000000000240000
0x0000700006d3ba80:   0000000000000032 00007ff79f8171f8
0x0000700006d3ba90:   0000700006d3bc90 00007ff7a0d71268
0x0000700006d3baa0:   0000700006d3bac0 00000001040d76f1
0x0000700006d3bab0:   00007ff79e41ada0 0000700006d3bc90
0x0000700006d3bac0:   00000001040e5dca 00007ff7a0de1e50
0x0000700006d3bad0:   0000700006d3bb08 00000001040f1598
0x0000700006d3bae0:   0000700006d3bd00 00000001040cc50c
0x0000700006d3baf0:   000007e800000024 0000000000011000
0x0000700006d3bb00:   00007ff7a0de1e90 0000700006d3bb5c
0x0000700006d3bb10:   0000000000000128 0000700006d3bb20
0x0000700006d3bb20:   0000010000000004 0000700006d3bb58
0x0000700006d3bb30:   0000000000000000 00007f0000000000
0x0000700006d3bb40:   000007e800000018 00007ff700002a80
0x0000700006d3bb50:   0000700006d3bb58 0000004c01000000
0x0000700006d3bb60:   696c705500000000 54206e6f69746163
0x0000700006d3bb70:   0000006461657268 0000000400000000
0x0000700006d3bb80:   0000010100240000 0000530000000000
0x0000700006d3bb90:   0000e0f1a0a3f77f 0000090000000000
0x0000700006d3bba0:   0001020024000000 001b000000000000
0x0000700006d3bbb0:   0080427a9ef77f00 000f000000000000
0x0000700006d3bbc0:   0103002400000000 1b00000000000000
0x0000700006d3bbd0:   c0427a9ef77f0000 0c00000000000000
0x0000700006d3bbe0:   0400240000000000 0000000000000001
0x0000700006d3bbf0:   427a9ef77f00001b 0000000000000098
0x0000700006d3bc00:   0024000000000023 0000000000000105
0x0000700006d3bc10:   7a9ef77f00001e00 000000000000c842 

Instructions: (pc=0x0000000104d16361)
0x0000000104d16341:   c0 75 04 30 c0 eb 35 48 8d 0d 75 74 5d 00 80 39
0x0000000104d16351:   00 49 8b 16 74 15 48 8d 35 72 d7 52 00 8a 4e 08
0x0000000104d16361:   8b 7a 08 48 d3 e7 48 03 3e eb 04 48 8b 7a 08 48
0x0000000104d16371:   89 c6 e8 24 70 09 00 84 c0 0f 95 c0 0f b6 d8 48 

Register to memory mapping:

RAX=0x00000007c00016d0 is pointing into metadata
RBX=0x00007ff79e5079d0 is a global jni handle
RCX=0x00000001052ed703: CONST_G1StressConcRegionFreeingDelayMillis+0x3 in /Library/Java/JavaVirtualMachines/jdk1.8.0_171.jdk/Contents/Home/jre/lib/server/libjvm.dylib at 0x0000000104a00000
RDX=0x0000000000000003 is an unknown value
RSP=0x0000700006d3ba20 is pointing into the stack for thread: 0x00007ff79f817000
RBP=0x0000700006d3ba40 is pointing into the stack for thread: 0x00007ff79f817000
RSI=0x0000000105243ad0: _ZN8Universe13_narrow_klassE+0 in /Library/Java/JavaVirtualMachines/jdk1.8.0_171.jdk/Contents/Home/jre/lib/server/libjvm.dylib at 0x0000000104a00000
RDI=0x00000007abdf58e0 is an oop
java.lang.Class 
 - klass: 'java/lang/Class'
R8 =0x000000010523c1f0: _ZL8tc_mutex+0x20 in /Library/Java/JavaVirtualMachines/jdk1.8.0_171.jdk/Contents/Home/jre/lib/server/libjvm.dylib at 0x0000000104a00000
R9 =0xffffffff00000000 is an unknown value
R10=0x000000010523c1e8: _ZL8tc_mutex+0x18 in /Library/Java/JavaVirtualMachines/jdk1.8.0_171.jdk/Contents/Home/jre/lib/server/libjvm.dylib at 0x0000000104a00000
R11=0x000000010523c1f0: _ZL8tc_mutex+0x20 in /Library/Java/JavaVirtualMachines/jdk1.8.0_171.jdk/Contents/Home/jre/lib/server/libjvm.dylib at 0x0000000104a00000
R12=0x00007ff79f8171f8 is an unknown value
R13=0x0000000000000000 is an unknown value
R14=0x00007ff79e41ada0 is an unknown value
R15=0x00007ff79f8171f8 is an unknown value


Stack: [0x0000700006c3c000,0x0000700006d3c000],  sp=0x0000700006d3ba20,  free space=1022k
Native frames: (J=compiled Java code, j=interpreted, Vv=VM code, C=native code)
V  [libjvm.dylib+0x316361]
C  [libjdwp.dylib+0x22012]  specificTypeKey+0x73
C  [libjdwp.dylib+0x6e2f]  getValues+0x1cf
C  [libjdwp.dylib+0xe50c]  debugLoop_run+0x1c2
C  [libjdwp.dylib+0x1f5de]  attachThread+0x4d
V  [libjvm.dylib+0x39bf00]
V  [libjvm.dylib+0x56eb0f]
V  [libjvm.dylib+0x57020a]
V  [libjvm.dylib+0x48d4a6]
C  [libsystem_pthread.dylib+0x3661]  _pthread_body+0x154
C  [libsystem_pthread.dylib+0x350d]  _pthread_body+0x0
C  [libsystem_pthread.dylib+0x2bf9]  thread_start+0xd
C  0x0000000000000000


---------------  P R O C E S S  ---------------

Java Threads: ( => current thread )
  0x00007ff79f189000 JavaThread "Prism Font Disposer" daemon [_thread_blocked, id=51003, stack(0x0000700007863000,0x0000700007963000)]
  0x00007ff7a014e000 JavaThread "JavaFX-Launcher" [_thread_blocked, id=83459, stack(0x0000700007760000,0x0000700007860000)]
  0x00007ff7a0125800 JavaThread "Thread-3" daemon [_thread_in_native, id=34051, stack(0x000070000765a000,0x00007000076da000)]
  0x00007ff79f9ca800 JavaThread "JavaFX Application Thread" [_thread_blocked, id=775, stack(0x00007ffeeb3c0000,0x00007ffeebbc0000)]
  0x00007ff7a00e8000 JavaThread "Thread-1" daemon [_thread_blocked, id=39691, stack(0x0000700007557000,0x0000700007657000)]
  0x00007ff7a00a7800 JavaThread "QuantumRenderer-0" daemon [_thread_blocked, id=17155, stack(0x0000700007454000,0x0000700007554000)]
  0x00007ff79e815800 JavaThread "Service Thread" daemon [_thread_blocked, id=16387, stack(0x000070000724e000,0x000070000734e000)]
  0x00007ff7a000a800 JavaThread "C1 CompilerThread2" daemon [_thread_blocked, id=15875, stack(0x000070000714b000,0x000070000724b000)]
  0x00007ff79f029000 JavaThread "C2 CompilerThread1" daemon [_thread_blocked, id=18435, stack(0x0000700007048000,0x0000700007148000)]
  0x00007ff79e818000 JavaThread "C2 CompilerThread0" daemon [_thread_blocked, id=18947, stack(0x0000700006f45000,0x0000700007045000)]
  0x00007ff79e817000 JavaThread "JDWP Command Reader" daemon [_thread_in_native, id=15619, stack(0x0000700006e42000,0x0000700006f42000)]
  0x00007ff79e816800 JavaThread "JDWP Event Helper Thread" daemon [_thread_blocked, id=15107, stack(0x0000700006d3f000,0x0000700006e3f000)]
=>0x00007ff79f817000 JavaThread "JDWP Transport Listener: dt_socket" daemon [_thread_in_vm, id=14599, stack(0x0000700006c3c000,0x0000700006d3c000)]
  0x00007ff79f80d800 JavaThread "Signal Dispatcher" daemon [_thread_blocked, id=14091, stack(0x0000700006b39000,0x0000700006c39000)]
  0x00007ff7a001e000 JavaThread "Finalizer" daemon [_thread_blocked, id=11779, stack(0x0000700006a36000,0x0000700006b36000)]
  0x00007ff79e83c800 JavaThread "Reference Handler" daemon [_thread_blocked, id=11267, stack(0x0000700006933000,0x0000700006a33000)]
  0x00007ff79f804000 JavaThread "main" [_thread_blocked, id=6147, stack(0x0000700006321000,0x0000700006421000)]

Other Threads:
  0x00007ff79f025800 VMThread [stack: 0x0000700006830000,0x0000700006930000] [id=20739]
  0x00007ff79f03a800 WatcherThread [stack: 0x0000700007351000,0x0000700007451000] [id=17667]

VM state:not at safepoint (normal execution)

VM Mutex/Monitor currently owned by a thread: None

Heap:
 PSYoungGen      total 18944K, used 9783K [0x00000007aab00000, 0x00000007ac000000, 0x00000007c0000000)
  eden space 16384K, 44% used [0x00000007aab00000,0x00000007ab215ca0,0x00000007abb00000)
  from space 2560K, 98% used [0x00000007abd80000,0x00000007abff8020,0x00000007ac000000)
  to   space 2560K, 0% used [0x00000007abb00000,0x00000007abb00000,0x00000007abd80000)
 ParOldGen       total 44032K, used 4506K [0x0000000780000000, 0x0000000782b00000, 0x00000007aab00000)
  object space 44032K, 10% used [0x0000000780000000,0x00000007804668e0,0x0000000782b00000)
 Metaspace       used 14907K, capacity 15548K, committed 15616K, reserved 1062912K
  class space    used 2114K, capacity 2299K, committed 2304K, reserved 1048576K

Card table byte_map: [0x0000000105d6e000,0x0000000105f6f000] byte_map_base: 0x000000010216e000

Marking Bits: (ParMarkBitMap*) 0x00000001052f76e0
 Begin Bits: [0x0000000115c18000, 0x0000000116c18000)
 End Bits:   [0x0000000116c18000, 0x0000000117c18000)

Polling page: 0x00000001040bd000

CodeCache: size=245760Kb used=7171Kb max_used=7184Kb free=238588Kb
 bounds [0x0000000106c18000, 0x0000000107328000, 0x0000000115c18000]
 total_blobs=2874 nmethods=2251 adapters=543
 compilation: enabled

Compilation events (10 events):
Event: 9.914 Thread 0x00007ff7a000a800 nmethod 2247 0x00000001073138d0 code [0x0000000107313b40, 0x0000000107314bd8]
Event: 9.914 Thread 0x00007ff7a000a800 2248       3       java.lang.invoke.DirectMethodHandle::maybeCompile (18 bytes)
Event: 9.914 Thread 0x00007ff7a000a800 nmethod 2248 0x0000000107315290 code [0x0000000107315420, 0x00000001073156d8]
Event: 9.914 Thread 0x00007ff7a000a800 2249       3       java.lang.invoke.DirectMethodHandle::<init> (132 bytes)
Event: 9.916 Thread 0x00007ff7a000a800 nmethod 2249 0x0000000107315810 code [0x0000000107315ae0, 0x0000000107317358]
Event: 9.921 Thread 0x00007ff79f029000 nmethod 2230 0x000000010731b750 code [0x000000010731b980, 0x000000010731c708]
Event: 86.067 Thread 0x00007ff79e818000 2250       4       java.util.concurrent.atomic.AtomicBoolean::compareAndSet (35 bytes)
Event: 86.067 Thread 0x00007ff79e818000 nmethod 2250 0x0000000107318890 code [0x00000001073189e0, 0x0000000107318a58]
Event: 90.299 Thread 0x00007ff79f029000 2251       4       com.sun.javafx.tk.quantum.QuantumToolkit$$Lambda$42/1702297084::run (8 bytes)
Event: 90.304 Thread 0x00007ff79f029000 nmethod 2251 0x0000000107317d10 code [0x0000000107317ec0, 0x00000001073182d8]

GC Heap History (4 events):
Event: 0.945 GC heap before
{Heap before GC invocations=1 (full 0):
 PSYoungGen      total 18944K, used 16384K [0x00000007aab00000, 0x00000007ac000000, 0x00000007c0000000)
  eden space 16384K, 100% used [0x00000007aab00000,0x00000007abb00000,0x00000007abb00000)
  from space 2560K, 0% used [0x00000007abd80000,0x00000007abd80000,0x00000007ac000000)
  to   space 2560K, 0% used [0x00000007abb00000,0x00000007abb00000,0x00000007abd80000)
 ParOldGen       total 44032K, used 0K [0x0000000780000000, 0x0000000782b00000, 0x00000007aab00000)
  object space 44032K, 0% used [0x0000000780000000,0x0000000780000000,0x0000000782b00000)
 Metaspace       used 8728K, capacity 9260K, committed 9600K, reserved 1056768K
  class space    used 1164K, capacity 1305K, committed 1408K, reserved 1048576K
Event: 0.950 GC heap after
Heap after GC invocations=1 (full 0):
 PSYoungGen      total 18944K, used 2528K [0x00000007aab00000, 0x00000007ac000000, 0x00000007c0000000)
  eden space 16384K, 0% used [0x00000007aab00000,0x00000007aab00000,0x00000007abb00000)
  from space 2560K, 98% used [0x00000007abb00000,0x00000007abd78040,0x00000007abd80000)
  to   space 2560K, 0% used [0x00000007abd80000,0x00000007abd80000,0x00000007ac000000)
 ParOldGen       total 44032K, used 184K [0x0000000780000000, 0x0000000782b00000, 0x00000007aab00000)
  object space 44032K, 0% used [0x0000000780000000,0x000000078002e000,0x0000000782b00000)
 Metaspace       used 8728K, capacity 9260K, committed 9600K, reserved 1056768K
  class space    used 1164K, capacity 1305K, committed 1408K, reserved 1048576K
}
Event: 2.036 GC heap before
{Heap before GC invocations=2 (full 0):
 PSYoungGen      total 18944K, used 18912K [0x00000007aab00000, 0x00000007ac000000, 0x00000007c0000000)
  eden space 16384K, 100% used [0x00000007aab00000,0x00000007abb00000,0x00000007abb00000)
  from space 2560K, 98% used [0x00000007abb00000,0x00000007abd78040,0x00000007abd80000)
  to   space 2560K, 0% used [0x00000007abd80000,0x00000007abd80000,0x00000007ac000000)
 ParOldGen       total 44032K, used 184K [0x0000000780000000, 0x0000000782b00000, 0x00000007aab00000)
  object space 44032K, 0% used [0x0000000780000000,0x000000078002e000,0x0000000782b00000)
 Metaspace       used 13068K, capacity 13636K, committed 13952K, reserved 1060864K
  class space    used 1915K, capacity 2103K, committed 2176K, reserved 1048576K
Event: 2.048 GC heap after
Heap after GC invocations=2 (full 0):
 PSYoungGen      total 18944K, used 2528K [0x00000007aab00000, 0x00000007ac000000, 0x00000007c0000000)
  eden space 16384K, 0% used [0x00000007aab00000,0x00000007aab00000,0x00000007abb00000)
  from space 2560K, 98% used [0x00000007abd80000,0x00000007abff8020,0x00000007ac000000)
  to   space 2560K, 0% used [0x00000007abb00000,0x00000007abb00000,0x00000007abd80000)
 ParOldGen       total 44032K, used 4506K [0x0000000780000000, 0x0000000782b00000, 0x00000007aab00000)
  object space 44032K, 10% used [0x0000000780000000,0x00000007804668e0,0x0000000782b00000)
 Metaspace       used 13068K, capacity 13636K, committed 13952K, reserved 1060864K
  class space    used 1915K, capacity 2103K, committed 2176K, reserved 1048576K
}

Deoptimization events (10 events):
Event: 2.060 Thread 0x00007ff79f9ca800 Uncommon trap: reason=bimorphic action=maybe_recompile pc=0x0000000107116440 method=javafx.scene.CssStyleHelper.lookup(Ljavafx/css/Styleable;Ljavafx/css/CssMetaData;Lcom/sun/javafx/css/StyleMap;Ljava/util/Set;Ljavafx/css/Styleable;Lcom/sun/javafx/css/Calc
Event: 2.293 Thread 0x00007ff7a00a7800 Uncommon trap: reason=unstable_if action=reinterpret pc=0x0000000106eed0f8 method=sun.net.www.ParseUtil.encodePath(Ljava/lang/String;Z)Ljava/lang/String; @ 109
Event: 2.369 Thread 0x00007ff79f9ca800 Uncommon trap: reason=unstable_if action=reinterpret pc=0x0000000106f17960 method=jdk.internal.org.objectweb.asm.Type.getArgumentsAndReturnSizes(Ljava/lang/String;)I @ 47
Event: 2.374 Thread 0x00007ff79f9ca800 Uncommon trap: reason=bimorphic action=maybe_recompile pc=0x00000001071b1ff8 method=javafx.scene.Node.impl_geomChanged()V @ 33
Event: 2.374 Thread 0x00007ff79f9ca800 Uncommon trap: reason=unstable_if action=reinterpret pc=0x000000010717e274 method=javafx.scene.Node.transformedBoundsChanged()V @ 4
Event: 2.374 Thread 0x00007ff79f9ca800 Uncommon trap: reason=unstable_if action=reinterpret pc=0x000000010718d360 method=javafx.scene.Parent.setChildDirty(Ljavafx/scene/Node;Z)V @ 22
Event: 2.374 Thread 0x00007ff79f9ca800 Uncommon trap: reason=bimorphic action=maybe_recompile pc=0x00000001071b1ff8 method=javafx.scene.Node.impl_geomChanged()V @ 33
Event: 2.374 Thread 0x00007ff79f9ca800 Uncommon trap: reason=bimorphic action=maybe_recompile pc=0x00000001071b1ff8 method=javafx.scene.Node.impl_geomChanged()V @ 33
Event: 2.376 Thread 0x00007ff79f9ca800 Uncommon trap: reason=unstable_if action=reinterpret pc=0x000000010716967c method=javafx.scene.Node.impl_isDirty(Lcom/sun/javafx/scene/DirtyBits;)Z @ 12
Event: 3.473 Thread 0x00007ff79f9ca800 Uncommon trap: reason=bimorphic action=maybe_recompile pc=0x00000001071b1ff8 method=javafx.scene.Node.impl_geomChanged()V @ 33

Classes redefined (0 events):
No events

Internal exceptions (10 events):
Event: 0.354 Thread 0x00007ff79f804000 Exception <a 'java/lang/NoSuchFieldError': method resolution failed> (0x00000007aad43be0) thrown at [/Users/java_re/workspace/8-2-build-macosx-x86_64/jdk8u171/10807/hotspot/src/share/vm/prims/methodHandles.cpp, line 1167]
Event: 0.371 Thread 0x00007ff79f804000 Exception <a 'java/lang/NoSuchFieldError': method resolution failed> (0x00000007aad50f60) thrown at [/Users/java_re/workspace/8-2-build-macosx-x86_64/jdk8u171/10807/hotspot/src/share/vm/prims/methodHandles.cpp, line 1167]
Event: 0.403 Thread 0x00007ff79f804000 Exception <a 'java/security/PrivilegedActionException'> (0x00000007aaddbf20) thrown at [/Users/java_re/workspace/8-2-build-macosx-x86_64/jdk8u171/10807/hotspot/src/share/vm/prims/jvm.cpp, line 1435]
Event: 0.403 Thread 0x00007ff79f804000 Exception <a 'java/security/PrivilegedActionException'> (0x00000007aaddc130) thrown at [/Users/java_re/workspace/8-2-build-macosx-x86_64/jdk8u171/10807/hotspot/src/share/vm/prims/jvm.cpp, line 1435]
Event: 0.404 Thread 0x00007ff79f804000 Exception <a 'java/security/PrivilegedActionException'> (0x00000007aaddf460) thrown at [/Users/java_re/workspace/8-2-build-macosx-x86_64/jdk8u171/10807/hotspot/src/share/vm/prims/jvm.cpp, line 1435]
Event: 0.404 Thread 0x00007ff79f804000 Exception <a 'java/security/PrivilegedActionException'> (0x00000007aaddf670) thrown at [/Users/java_re/workspace/8-2-build-macosx-x86_64/jdk8u171/10807/hotspot/src/share/vm/prims/jvm.cpp, line 1435]
Event: 0.404 Thread 0x00007ff79f804000 Exception <a 'java/lang/NullPointerException'> (0x00000007aaddfe60) thrown at [/Users/java_re/workspace/8-2-build-macosx-x86_64/jdk8u171/10807/hotspot/src/share/vm/interpreter/linkResolver.cpp, line 1185]
Event: 0.804 Thread 0x00007ff79f9ca800 Exception <a 'java/lang/NullPointerException'> (0x00000007ab6197f8) thrown at [/Users/java_re/workspace/8-2-build-macosx-x86_64/jdk8u171/10807/hotspot/src/share/vm/interpreter/linkResolver.cpp, line 1185]
Event: 0.804 Thread 0x00007ff79f9ca800 Exception <a 'java/lang/NullPointerException'> (0x00000007ab6197f8) thrown at [/Users/java_re/workspace/8-2-build-macosx-x86_64/jdk8u171/10807/hotspot/src/share/vm/prims/jvm.cpp, line 1439]
Event: 1.004 Thread 0x00007ff79f9ca800 Implicit null exception at 0x0000000106e8a194 to 0x0000000106e8a4e9

Events (10 events):
Event: 101.835 Executing VM operation: GetOrSetLocal
Event: 101.836 Executing VM operation: GetOrSetLocal done
Event: 101.836 Executing VM operation: GetOrSetLocal
Event: 101.836 Executing VM operation: GetOrSetLocal done
Event: 101.837 Executing VM operation: GetOrSetLocal
Event: 101.837 Executing VM operation: GetOrSetLocal done
Event: 101.837 Executing VM operation: GetOrSetLocal
Event: 101.837 Executing VM operation: GetOrSetLocal done
Event: 101.839 Executing VM operation: GetOrSetLocal
Event: 101.839 Executing VM operation: GetOrSetLocal done


Dynamic libraries:
0x0000000014536000 	/System/Library/Frameworks/Cocoa.framework/Versions/A/Cocoa
0x0000000014536000 	/System/Library/Frameworks/Security.framework/Versions/A/Security
0x0000000014536000 	/System/Library/Frameworks/ApplicationServices.framework/Versions/A/ApplicationServices
0x0000000014536000 	/usr/lib/libz.1.dylib
0x0000000014536000 	/usr/lib/libSystem.B.dylib
0x0000000014536000 	/usr/lib/libobjc.A.dylib
0x0000000014536000 	/System/Library/Frameworks/CoreFoundation.framework/Versions/A/CoreFoundation
0x0000000014536000 	/System/Library/Frameworks/Foundation.framework/Versions/C/Foundation
0x0000000014536000 	/System/Library/Frameworks/AppKit.framework/Versions/C/AppKit
0x0000000014536000 	/System/Library/Frameworks/CoreData.framework/Versions/A/CoreData
0x0000000014536000 	/System/Library/PrivateFrameworks/RemoteViewServices.framework/Versions/A/RemoteViewServices
0x0000000014536000 	/System/Library/PrivateFrameworks/UIFoundation.framework/Versions/A/UIFoundation
0x0000000014536000 	/System/Library/PrivateFrameworks/DFRFoundation.framework/Versions/A/DFRFoundation
0x0000000014536000 	/System/Library/Frameworks/Metal.framework/Versions/A/Metal
0x0000000014536000 	/System/Library/PrivateFrameworks/DesktopServicesPriv.framework/Versions/A/DesktopServicesPriv
0x0000000014536000 	/usr/lib/libenergytrace.dylib
0x0000000014536000 	/System/Library/PrivateFrameworks/SkyLight.framework/Versions/A/SkyLight
0x0000000014536000 	/System/Library/Frameworks/CoreGraphics.framework/Versions/A/CoreGraphics
0x0000000014536000 	/usr/lib/libScreenReader.dylib
0x0000000014536000 	/System/Library/Frameworks/Accelerate.framework/Versions/A/Accelerate
0x0000000014536000 	/System/Library/Frameworks/IOSurface.framework/Versions/A/IOSurface
0x0000000014536000 	/System/Library/Frameworks/AudioToolbox.framework/Versions/A/AudioToolbox
0x0000000014536000 	/System/Library/Frameworks/AudioUnit.framework/Versions/A/AudioUnit
0x0000000014536000 	/System/Library/PrivateFrameworks/DataDetectorsCore.framework/Versions/A/DataDetectorsCore
0x0000000014536000 	/System/Library/Frameworks/Carbon.framework/Versions/A/Frameworks/HIToolbox.framework/Versions/A/HIToolbox
0x0000000014536000 	/usr/lib/libicucore.A.dylib
0x0000000014536000 	/System/Library/Frameworks/QuartzCore.framework/Versions/A/QuartzCore
0x0000000014536000 	/System/Library/PrivateFrameworks/SignpostNotification.framework/Versions/A/SignpostNotification
0x0000000014536000 	/System/Library/Frameworks/Carbon.framework/Versions/A/Frameworks/SpeechRecognition.framework/Versions/A/SpeechRecognition
0x0000000014536000 	/usr/lib/libauto.dylib
0x0000000014536000 	/usr/lib/libxml2.2.dylib
0x0000000014536000 	/System/Library/PrivateFrameworks/CoreUI.framework/Versions/A/CoreUI
0x0000000014536000 	/System/Library/Frameworks/CoreAudio.framework/Versions/A/CoreAudio
0x0000000014536000 	/System/Library/Frameworks/DiskArbitration.framework/Versions/A/DiskArbitration
0x0000000014536000 	/usr/lib/liblangid.dylib
0x0000000014536000 	/System/Library/PrivateFrameworks/MultitouchSupport.framework/Versions/A/MultitouchSupport
0x0000000014536000 	/System/Library/Frameworks/IOKit.framework/Versions/A/IOKit
0x0000000014536000 	/usr/lib/libDiagnosticMessagesClient.dylib
0x0000000014536000 	/System/Library/Frameworks/CoreServices.framework/Versions/A/CoreServices
0x0000000014536000 	/System/Library/PrivateFrameworks/PerformanceAnalysis.framework/Versions/A/PerformanceAnalysis
0x0000000014536000 	/System/Library/Frameworks/OpenGL.framework/Versions/A/OpenGL
0x0000000014536000 	/System/Library/Frameworks/ColorSync.framework/Versions/A/ColorSync
0x0000000014536000 	/System/Library/Frameworks/CoreImage.framework/Versions/A/CoreImage
0x0000000014536000 	/System/Library/Frameworks/CoreText.framework/Versions/A/CoreText
0x0000000014536000 	/System/Library/Frameworks/ImageIO.framework/Versions/A/ImageIO
0x0000000014536000 	/System/Library/PrivateFrameworks/Backup.framework/Versions/A/Backup
0x0000000014536000 	/usr/lib/libarchive.2.dylib
0x0000000014536000 	/System/Library/Frameworks/CFNetwork.framework/Versions/A/CFNetwork
0x0000000014536000 	/System/Library/Frameworks/SystemConfiguration.framework/Versions/A/SystemConfiguration
0x0000000014536000 	/usr/lib/libCRFSuite.dylib
0x0000000014536000 	/usr/lib/libc++.1.dylib
0x0000000014536000 	/usr/lib/libc++abi.dylib
0x0000000014536000 	/usr/lib/system/libcache.dylib
0x0000000014536000 	/usr/lib/system/libcommonCrypto.dylib
0x0000000014536000 	/usr/lib/system/libcompiler_rt.dylib
0x0000000014536000 	/usr/lib/system/libcopyfile.dylib
0x0000000014536000 	/usr/lib/system/libcorecrypto.dylib
0x0000000014536000 	/usr/lib/system/libdispatch.dylib
0x0000000014536000 	/usr/lib/system/libdyld.dylib
0x0000000014536000 	/usr/lib/system/libkeymgr.dylib
0x0000000014536000 	/usr/lib/system/liblaunch.dylib
0x0000000014536000 	/usr/lib/system/libmacho.dylib
0x0000000014536000 	/usr/lib/system/libquarantine.dylib
0x0000000014536000 	/usr/lib/system/libremovefile.dylib
0x0000000014536000 	/usr/lib/system/libsystem_asl.dylib
0x0000000014536000 	/usr/lib/system/libsystem_blocks.dylib
0x0000000014536000 	/usr/lib/system/libsystem_c.dylib
0x0000000014536000 	/usr/lib/system/libsystem_configuration.dylib
0x0000000014536000 	/usr/lib/system/libsystem_coreservices.dylib
0x0000000014536000 	/usr/lib/system/libsystem_darwin.dylib
0x0000000014536000 	/usr/lib/system/libsystem_dnssd.dylib
0x0000000014536000 	/usr/lib/system/libsystem_info.dylib
0x0000000014536000 	/usr/lib/system/libsystem_m.dylib
0x0000000014536000 	/usr/lib/system/libsystem_malloc.dylib
0x0000000014536000 	/usr/lib/system/libsystem_network.dylib
0x0000000014536000 	/usr/lib/system/libsystem_networkextension.dylib
0x0000000014536000 	/usr/lib/system/libsystem_notify.dylib
0x0000000014536000 	/usr/lib/system/libsystem_sandbox.dylib
0x0000000014536000 	/usr/lib/system/libsystem_secinit.dylib
0x0000000014536000 	/usr/lib/system/libsystem_kernel.dylib
0x0000000014536000 	/usr/lib/system/libsystem_platform.dylib
0x0000000014536000 	/usr/lib/system/libsystem_pthread.dylib
0x0000000014536000 	/usr/lib/system/libsystem_symptoms.dylib
0x0000000014536000 	/usr/lib/system/libsystem_trace.dylib
0x0000000014536000 	/usr/lib/system/libunwind.dylib
0x0000000014536000 	/usr/lib/system/libxpc.dylib
0x0000000014536000 	/usr/lib/closure/libclosured.dylib
0x0000000014536000 	/usr/lib/libbsm.0.dylib
0x0000000014536000 	/usr/lib/system/libkxld.dylib
0x0000000014536000 	/usr/lib/libOpenScriptingUtil.dylib
0x0000000014536000 	/usr/lib/libcoretls.dylib
0x0000000014536000 	/usr/lib/libcoretls_cfhelpers.dylib
0x0000000014536000 	/usr/lib/libpam.2.dylib
0x0000000014536000 	/usr/lib/libsqlite3.dylib
0x0000000014536000 	/usr/lib/libxar.1.dylib
0x0000000014536000 	/usr/lib/libbz2.1.0.dylib
0x0000000014536000 	/usr/lib/liblzma.5.dylib
0x0000000014536000 	/usr/lib/libnetwork.dylib
0x0000000014536000 	/usr/lib/libapple_nghttp2.dylib
0x0000000014536000 	/usr/lib/libpcap.A.dylib
0x0000000014536000 	/usr/lib/libboringssl.dylib
0x0000000014536000 	/usr/lib/libusrtcp.dylib
0x0000000014536000 	/usr/lib/libapple_crypto.dylib
0x0000000014536000 	/System/Library/Frameworks/CoreServices.framework/Versions/A/Frameworks/FSEvents.framework/Versions/A/FSEvents
0x0000000014536000 	/System/Library/Frameworks/CoreServices.framework/Versions/A/Frameworks/CarbonCore.framework/Versions/A/CarbonCore
0x0000000014536000 	/System/Library/Frameworks/CoreServices.framework/Versions/A/Frameworks/Metadata.framework/Versions/A/Metadata
0x0000000014536000 	/System/Library/Frameworks/CoreServices.framework/Versions/A/Frameworks/OSServices.framework/Versions/A/OSServices
0x0000000014536000 	/System/Library/Frameworks/CoreServices.framework/Versions/A/Frameworks/SearchKit.framework/Versions/A/SearchKit
0x0000000014536000 	/System/Library/Frameworks/CoreServices.framework/Versions/A/Frameworks/AE.framework/Versions/A/AE
0x0000000014536000 	/System/Library/Frameworks/CoreServices.framework/Versions/A/Frameworks/LaunchServices.framework/Versions/A/LaunchServices
0x0000000014536000 	/System/Library/Frameworks/CoreServices.framework/Versions/A/Frameworks/DictionaryServices.framework/Versions/A/DictionaryServices
0x0000000014536000 	/System/Library/Frameworks/CoreServices.framework/Versions/A/Frameworks/SharedFileList.framework/Versions/A/SharedFileList
0x0000000014536000 	/System/Library/Frameworks/NetFS.framework/Versions/A/NetFS
0x0000000014536000 	/System/Library/PrivateFrameworks/NetAuth.framework/Versions/A/NetAuth
0x0000000014536000 	/System/Library/PrivateFrameworks/login.framework/Versions/A/Frameworks/loginsupport.framework/Versions/A/loginsupport
0x0000000014536000 	/System/Library/PrivateFrameworks/TCC.framework/Versions/A/TCC
0x0000000014536000 	/usr/lib/libmecabra.dylib
0x0000000014536000 	/System/Library/Frameworks/ApplicationServices.framework/Versions/A/Frameworks/ATS.framework/Versions/A/ATS
0x0000000014536000 	/System/Library/Frameworks/ApplicationServices.framework/Versions/A/Frameworks/ColorSyncLegacy.framework/Versions/A/ColorSyncLegacy
0x0000000014536000 	/System/Library/Frameworks/ApplicationServices.framework/Versions/A/Frameworks/HIServices.framework/Versions/A/HIServices
0x0000000014536000 	/System/Library/Frameworks/ApplicationServices.framework/Versions/A/Frameworks/LangAnalysis.framework/Versions/A/LangAnalysis
0x0000000014536000 	/System/Library/Frameworks/ApplicationServices.framework/Versions/A/Frameworks/PrintCore.framework/Versions/A/PrintCore
0x0000000014536000 	/System/Library/Frameworks/ApplicationServices.framework/Versions/A/Frameworks/QD.framework/Versions/A/QD
0x0000000014536000 	/System/Library/Frameworks/ApplicationServices.framework/Versions/A/Frameworks/SpeechSynthesis.framework/Versions/A/SpeechSynthesis
0x0000000014536000 	/System/Library/Frameworks/CoreDisplay.framework/Versions/A/CoreDisplay
0x0000000014536000 	/System/Library/Frameworks/Accelerate.framework/Versions/A/Frameworks/vImage.framework/Versions/A/vImage
0x0000000014536000 	/System/Library/Frameworks/Accelerate.framework/Versions/A/Frameworks/vecLib.framework/Versions/A/vecLib
0x0000000014536000 	/System/Library/Frameworks/Accelerate.framework/Versions/A/Frameworks/vecLib.framework/Versions/A/libvDSP.dylib
0x0000000014536000 	/System/Library/Frameworks/Accelerate.framework/Versions/A/Frameworks/vecLib.framework/Versions/A/libBNNS.dylib
0x0000000014536000 	/System/Library/Frameworks/Accelerate.framework/Versions/A/Frameworks/vecLib.framework/Versions/A/libQuadrature.dylib
0x0000000014536000 	/System/Library/Frameworks/Accelerate.framework/Versions/A/Frameworks/vecLib.framework/Versions/A/libvMisc.dylib
0x0000000014536000 	/System/Library/Frameworks/Accelerate.framework/Versions/A/Frameworks/vecLib.framework/Versions/A/libLAPACK.dylib
0x0000000014536000 	/System/Library/Frameworks/Accelerate.framework/Versions/A/Frameworks/vecLib.framework/Versions/A/libBLAS.dylib
0x0000000014536000 	/System/Library/Frameworks/Accelerate.framework/Versions/A/Frameworks/vecLib.framework/Versions/A/libLinearAlgebra.dylib
0x0000000014536000 	/System/Library/Frameworks/Accelerate.framework/Versions/A/Frameworks/vecLib.framework/Versions/A/libSparse.dylib
0x0000000014536000 	/System/Library/Frameworks/Accelerate.framework/Versions/A/Frameworks/vecLib.framework/Versions/A/libSparseBLAS.dylib
0x0000000014536000 	/System/Library/PrivateFrameworks/GPUWrangler.framework/Versions/A/GPUWrangler
0x0000000014536000 	/System/Library/PrivateFrameworks/IOAccelerator.framework/Versions/A/IOAccelerator
0x0000000014536000 	/System/Library/PrivateFrameworks/IOPresentment.framework/Versions/A/IOPresentment
0x0000000014536000 	/System/Library/PrivateFrameworks/DSExternalDisplay.framework/Versions/A/DSExternalDisplay
0x0000000014536000 	/System/Library/Frameworks/OpenGL.framework/Versions/A/Libraries/libCoreFSCache.dylib
0x0000000014536000 	/System/Library/Frameworks/CoreVideo.framework/Versions/A/CoreVideo
0x0000000014536000 	/System/Library/PrivateFrameworks/GraphVisualizer.framework/Versions/A/GraphVisualizer
0x0000000014536000 	/System/Library/Frameworks/MetalPerformanceShaders.framework/Versions/A/MetalPerformanceShaders
0x0000000014536000 	/usr/lib/libFosl_dynamic.dylib
0x0000000014536000 	/System/Library/PrivateFrameworks/FaceCore.framework/Versions/A/FaceCore
0x0000000014536000 	/System/Library/Frameworks/OpenCL.framework/Versions/A/OpenCL
0x0000000014536000 	/usr/lib/libcompression.dylib
0x0000000014536000 	/System/Library/Frameworks/ApplicationServices.framework/Versions/A/Frameworks/ATS.framework/Versions/A/Resources/libFontParser.dylib
0x0000000014536000 	/System/Library/Frameworks/ApplicationServices.framework/Versions/A/Frameworks/ATS.framework/Versions/A/Resources/libFontRegistry.dylib
0x0000000014536000 	/System/Library/Frameworks/ImageIO.framework/Versions/A/Resources/libJPEG.dylib
0x0000000014536000 	/System/Library/Frameworks/ImageIO.framework/Versions/A/Resources/libTIFF.dylib
0x0000000014536000 	/System/Library/Frameworks/ImageIO.framework/Versions/A/Resources/libPng.dylib
0x0000000014536000 	/System/Library/Frameworks/ImageIO.framework/Versions/A/Resources/libGIF.dylib
0x0000000014536000 	/System/Library/Frameworks/ImageIO.framework/Versions/A/Resources/libJP2.dylib
0x0000000014536000 	/System/Library/Frameworks/ImageIO.framework/Versions/A/Resources/libRadiance.dylib
0x0000000014536000 	/System/Library/PrivateFrameworks/AppleJPEG.framework/Versions/A/AppleJPEG
0x0000000014536000 	/System/Library/Frameworks/MetalPerformanceShaders.framework/Frameworks/MPSCore.framework/Versions/A/MPSCore
0x0000000014536000 	/System/Library/Frameworks/MetalPerformanceShaders.framework/Frameworks/MPSImage.framework/Versions/A/MPSImage
0x0000000014536000 	/System/Library/Frameworks/MetalPerformanceShaders.framework/Frameworks/MPSNeuralNetwork.framework/Versions/A/MPSNeuralNetwork
0x0000000014536000 	/System/Library/Frameworks/MetalPerformanceShaders.framework/Frameworks/MPSMatrix.framework/Versions/A/MPSMatrix
0x0000000014536000 	/System/Library/PrivateFrameworks/MetalTools.framework/Versions/A/MetalTools
0x0000000014536000 	/System/Library/Frameworks/OpenGL.framework/Versions/A/Libraries/libGLU.dylib
0x0000000014536000 	/System/Library/Frameworks/OpenGL.framework/Versions/A/Libraries/libGFXShared.dylib
0x0000000014536000 	/System/Library/Frameworks/OpenGL.framework/Versions/A/Libraries/libGL.dylib
0x0000000014536000 	/System/Library/Frameworks/OpenGL.framework/Versions/A/Libraries/libGLImage.dylib
0x0000000014536000 	/System/Library/Frameworks/OpenGL.framework/Versions/A/Libraries/libCVMSPluginSupport.dylib
0x0000000014536000 	/System/Library/Frameworks/OpenGL.framework/Versions/A/Libraries/libCoreVMClient.dylib
0x0000000014536000 	/usr/lib/libcups.2.dylib
0x0000000014536000 	/System/Library/Frameworks/Kerberos.framework/Versions/A/Kerberos
0x0000000014536000 	/System/Library/Frameworks/GSS.framework/Versions/A/GSS
0x0000000014536000 	/usr/lib/libresolv.9.dylib
0x0000000014536000 	/usr/lib/libiconv.2.dylib
0x0000000014536000 	/System/Library/PrivateFrameworks/Heimdal.framework/Versions/A/Heimdal
0x0000000014536000 	/usr/lib/libheimdal-asn1.dylib
0x0000000014536000 	/System/Library/Frameworks/OpenDirectory.framework/Versions/A/OpenDirectory
0x0000000014536000 	/System/Library/PrivateFrameworks/CommonAuth.framework/Versions/A/CommonAuth
0x0000000014536000 	/System/Library/Frameworks/OpenDirectory.framework/Versions/A/Frameworks/CFOpenDirectory.framework/Versions/A/CFOpenDirectory
0x0000000014536000 	/System/Library/Frameworks/SecurityFoundation.framework/Versions/A/SecurityFoundation
0x0000000014536000 	/System/Library/PrivateFrameworks/APFS.framework/Versions/A/APFS
0x0000000014536000 	/usr/lib/libutil.dylib
0x0000000014536000 	/System/Library/PrivateFrameworks/AppleSauce.framework/Versions/A/AppleSauce
0x0000000014536000 	/System/Library/PrivateFrameworks/LinguisticData.framework/Versions/A/LinguisticData
0x0000000014536000 	/usr/lib/libmarisa.dylib
0x0000000014536000 	/System/Library/PrivateFrameworks/Lexicon.framework/Versions/A/Lexicon
0x0000000014536000 	/usr/lib/libChineseTokenizer.dylib
0x0000000014536000 	/usr/lib/libcmph.dylib
0x0000000014536000 	/System/Library/PrivateFrameworks/LanguageModeling.framework/Versions/A/LanguageModeling
0x0000000014536000 	/System/Library/PrivateFrameworks/CoreEmoji.framework/Versions/A/CoreEmoji
0x0000000014536000 	/System/Library/Frameworks/ServiceManagement.framework/Versions/A/ServiceManagement
0x0000000014536000 	/System/Library/PrivateFrameworks/BackgroundTaskManagement.framework/Versions/A/BackgroundTaskManagement
0x0000000014536000 	/usr/lib/libxslt.1.dylib
0x0000000014536000 	/System/Library/Frameworks/Carbon.framework/Versions/A/Frameworks/Ink.framework/Versions/A/Ink
0x0000000014536000 	/System/Library/PrivateFrameworks/TextureIO.framework/Versions/A/TextureIO
0x0000000014536000 	/usr/lib/libate.dylib
0x0000000014536000 	/System/Library/PrivateFrameworks/CrashReporterSupport.framework/Versions/A/CrashReporterSupport
0x0000000014536000 	/System/Library/PrivateFrameworks/Sharing.framework/Versions/A/Sharing
0x0000000014536000 	/System/Library/PrivateFrameworks/IconServices.framework/Versions/A/IconServices
0x0000000014536000 	/System/Library/PrivateFrameworks/Apple80211.framework/Versions/A/Apple80211
0x0000000014536000 	/System/Library/PrivateFrameworks/CoreUtils.framework/Versions/A/CoreUtils
0x0000000014536000 	/System/Library/Frameworks/CoreWLAN.framework/Versions/A/CoreWLAN
0x0000000014536000 	/System/Library/Frameworks/IOBluetooth.framework/Versions/A/IOBluetooth
0x0000000014536000 	/System/Library/PrivateFrameworks/ProtocolBuffer.framework/Versions/A/ProtocolBuffer
0x0000000014536000 	/System/Library/PrivateFrameworks/CoreWiFi.framework/Versions/A/CoreWiFi
0x0000000014536000 	/System/Library/Frameworks/CoreBluetooth.framework/Versions/A/CoreBluetooth
0x0000000014536000 	/System/Library/PrivateFrameworks/DebugSymbols.framework/Versions/A/DebugSymbols
0x0000000014536000 	/System/Library/PrivateFrameworks/CoreSymbolication.framework/Versions/A/CoreSymbolication
0x0000000014536000 	/System/Library/PrivateFrameworks/Symbolication.framework/Versions/A/Symbolication
0x0000000014536000 	/System/Library/PrivateFrameworks/AppleFSCompression.framework/Versions/A/AppleFSCompression
0x0000000014536000 	/System/Library/PrivateFrameworks/SpeechRecognitionCore.framework/Versions/A/SpeechRecognitionCore
0x0000000104a00000 	/Library/Java/JavaVirtualMachines/jdk1.8.0_171.jdk/Contents/Home/jre/lib/server/libjvm.dylib
0x0000000014536000 	/usr/lib/libstdc++.6.0.9.dylib
0x0000000104079000 	/Library/Java/JavaVirtualMachines/jdk1.8.0_171.jdk/Contents/Home/jre/lib/libverify.dylib
0x0000000104087000 	/Library/Java/JavaVirtualMachines/jdk1.8.0_171.jdk/Contents/Home/jre/lib/libjava.dylib
0x00000001040be000 	/Library/Java/JavaVirtualMachines/jdk1.8.0_171.jdk/Contents/Home/jre/lib/libjdwp.dylib
0x0000000104109000 	/Library/Java/JavaVirtualMachines/jdk1.8.0_171.jdk/Contents/Home/jre/lib/libnpt.dylib
0x0000000104156000 	/Library/Java/JavaVirtualMachines/jdk1.8.0_171.jdk/Contents/Home/jre/lib/libzip.dylib
0x0000000106b5b000 	/Library/Java/JavaVirtualMachines/jdk1.8.0_171.jdk/Contents/Home/jre/lib/libdt_socket.dylib
0x000000011a836000 	/Library/Java/JavaVirtualMachines/jdk1.8.0_171.jdk/Contents/Home/jre/lib/libprism_es2.dylib
0x0000000014536000 	/System/Library/PrivateFrameworks/CoreServicesInternal.framework/Versions/A/CoreServicesInternal
0x0000000014536000 	/System/Library/Frameworks/OpenGL.framework/Versions/A/Resources/GLEngine.bundle/GLEngine
0x0000000014536000 	/System/Library/Frameworks/OpenGL.framework/Versions/A/Libraries/libGLProgrammability.dylib
0x000000011a8de000 	/System/Library/Extensions/AppleIntelHD5000GraphicsGLDriver.bundle/Contents/MacOS/AppleIntelHD5000GraphicsGLDriver
0x0000000014536000 	/System/Library/PrivateFrameworks/GPUSupport.framework/Versions/A/Libraries/libGPUSupportMercury.dylib
0x0000000014536000 	/System/Library/Frameworks/OpenGL.framework/Versions/A/Resources/GLRendererFloat.bundle/GLRendererFloat
0x0000000014536000 	/System/Library/Frameworks/OpenCL.framework/Versions/A/Libraries/libcldcpuengine.dylib
0x0000000014536000 	/usr/lib/libcrypto.35.dylib
0x0000000014536000 	/System/Library/PrivateFrameworks/TrustEvaluationAgent.framework/Versions/A/TrustEvaluationAgent
0x000000011b4c7000 	/Library/Java/JavaVirtualMachines/jdk1.8.0_171.jdk/Contents/Home/jre/lib/libglass.dylib
0x0000000014536000 	/System/Library/CoreServices/RawCamera.bundle/Contents/MacOS/RawCamera
0x0000000014536000 	/System/Library/PrivateFrameworks/MobileAsset.framework/Versions/A/MobileAsset
0x0000000014536000 	/System/Library/PrivateFrameworks/StreamingZip.framework/Versions/A/StreamingZip
0x0000000014536000 	/System/Library/Frameworks/MediaToolbox.framework/Versions/A/MediaToolbox
0x0000000014536000 	/System/Library/PrivateFrameworks/CoreAVCHD.framework/Versions/A/CoreAVCHD
0x0000000014536000 	/System/Library/Frameworks/MediaAccessibility.framework/Versions/A/MediaAccessibility
0x0000000014536000 	/System/Library/PrivateFrameworks/Mangrove.framework/Versions/A/Mangrove
0x0000000014536000 	/System/Library/Frameworks/CoreMedia.framework/Versions/A/CoreMedia
0x0000000014536000 	/System/Library/Frameworks/VideoToolbox.framework/Versions/A/VideoToolbox
0x0000000014536000 	/System/Library/PrivateFrameworks/CoreAUC.framework/Versions/A/CoreAUC
0x0000000014536000 	/usr/lib/libspindump.dylib
0x0000000014536000 	/System/Library/PrivateFrameworks/AppleVA.framework/Versions/A/AppleVA
0x0000000014536000 	/System/Library/Frameworks/Accelerate.framework/Versions/A/Frameworks/vImage.framework/Versions/A/Libraries/libCGInterfaces.dylib
0x0000000014536000 	/System/Library/PrivateFrameworks/FamilyControls.framework/Versions/A/FamilyControls
0x0000000014536000 	/System/Library/PrivateFrameworks/CommerceKit.framework/Versions/A/Frameworks/CommerceCore.framework/Versions/A/CommerceCore
0x0000000014536000 	/System/Library/PrivateFrameworks/SystemAdministration.framework/Versions/A/SystemAdministration
0x0000000014536000 	/System/Library/PrivateFrameworks/AppContainer.framework/Versions/A/AppContainer
0x0000000014536000 	/System/Library/PrivateFrameworks/SecCodeWrapper.framework/Versions/A/SecCodeWrapper
0x0000000014536000 	/System/Library/PrivateFrameworks/DiskManagement.framework/Versions/A/DiskManagement
0x0000000014536000 	/System/Library/Frameworks/DirectoryService.framework/Versions/A/DirectoryService
0x0000000014536000 	/System/Library/PrivateFrameworks/DiskImages.framework/Versions/A/DiskImages
0x0000000014536000 	/System/Library/PrivateFrameworks/LoginUIKit.framework/Versions/A/Frameworks/LoginUICore.framework/Versions/A/LoginUICore
0x0000000014536000 	/usr/lib/libCoreStorage.dylib
0x0000000014536000 	/usr/lib/libcsfde.dylib
0x0000000014536000 	/usr/lib/libodfde.dylib
0x0000000014536000 	/System/Library/PrivateFrameworks/MediaKit.framework/Versions/A/MediaKit
0x0000000014536000 	/System/Library/Frameworks/DiscRecording.framework/Versions/A/DiscRecording
0x0000000014536000 	/System/Library/PrivateFrameworks/EFILogin.framework/Versions/A/EFILogin
0x0000000014536000 	/System/Library/PrivateFrameworks/ProtectedCloudStorage.framework/Versions/A/ProtectedCloudStorage
0x0000000014536000 	/usr/lib/libcurl.4.dylib
0x0000000014536000 	/usr/lib/libssl.35.dylib
0x0000000014536000 	/System/Library/Frameworks/LDAP.framework/Versions/A/LDAP
0x0000000014536000 	/usr/lib/libsasl2.2.dylib
0x0000000014536000 	/System/Library/PrivateFrameworks/CoreDaemon.framework/Versions/B/CoreDaemon
0x0000000014536000 	/System/Library/PrivateFrameworks/AppleSRP.framework/Versions/A/AppleSRP
0x000000011b9a6000 	/Library/Java/JavaVirtualMachines/jdk1.8.0_171.jdk/Contents/Home/jre/lib/libjavafx_font.dylib
0x0000000014536000 	/System/Library/Frameworks/ApplicationServices.framework/Versions/A/Frameworks/ATS.framework/Versions/A/Resources/libTrueTypeScaler.dylib
0x0000000014536000 	/System/Library/Extensions/AppleIntelHD5000GraphicsMTLDriver.bundle/Contents/MacOS/AppleIntelHD5000GraphicsMTLDriver
0x000000012070a000 	/Library/Java/JavaVirtualMachines/jdk1.8.0_171.jdk/Contents/Home/jre/lib/libprism_common.dylib
0x0000000014536000 	/System/Library/PrivateFrameworks/GPUCompiler.framework/Versions/3802/Libraries/libmetal_timestamp.dylib
0x0000000014536000 	/System/Library/PrivateFrameworks/login.framework/Versions/A/login

VM Arguments:
jvm_args: -agentlib:jdwp=transport=dt_socket,suspend=y,address=localhost:63956 -Dfile.encoding=UTF-8 
java_command: SudokuGraphics
java_class_path (initial): /Library/Java/JavaVirtualMachines/jdk1.8.0_171.jdk/Contents/Home/jre/lib/resources.jar:/Library/Java/JavaVirtualMachines/jdk1.8.0_171.jdk/Contents/Home/jre/lib/rt.jar:/Library/Java/JavaVirtualMachines/jdk1.8.0_171.jdk/Contents/Home/jre/lib/jsse.jar:/Library/Java/JavaVirtualMachines/jdk1.8.0_171.jdk/Contents/Home/jre/lib/jce.jar:/Library/Java/JavaVirtualMachines/jdk1.8.0_171.jdk/Contents/Home/jre/lib/charsets.jar:/Library/Java/JavaVirtualMachines/jdk1.8.0_171.jdk/Contents/Home/jre/lib/jfr.jar:/Library/Java/JavaVirtualMachines/jdk1.8.0_171.jdk/Contents/Home/jre/lib/ext/sunec.jar:/Library/Java/JavaVirtualMachines/jdk1.8.0_171.jdk/Contents/Home/jre/lib/ext/nashorn.jar:/Library/Java/JavaVirtualMachines/jdk1.8.0_171.jdk/Contents/Home/jre/lib/ext/cldrdata.jar:/Library/Java/JavaVirtualMachines/jdk1.8.0_171.jdk/Contents/Home/jre/lib/ext/jfxrt.jar:/Library/Java/JavaVirtualMachines/jdk1.8.0_171.jdk/Contents/Home/jre/lib/ext/dnsns.jar:/Library/Java/JavaVirtualMachines/jdk1.8.0_171.jdk/Contents/Home/jre/lib/ext/localedata.jar:/Library/Java/JavaVirtualMachines/jdk1.8.0_171.jdk/Contents/Home/jre/lib/ext/sunjce_provider.jar:/Library/Java/JavaVirtualMachines/jdk1.8.0_171.jdk/Contents/Home/jre/lib/ext/sunpkcs11.jar:/Library/Java/JavaVirtualMachines/jdk1.8.0_171.jdk/Contents/Home/jre/lib/ext/jaccess.jar:/Library/Java/JavaVirtualMachines/jdk1.8.0_171.jdk/Contents/Home/jre/lib/ext/zipfs.jar:/System/Library/Java/Extensions/MRJToolkit.jar:/Users/eneashallsten/Documents/LTH/Programering/JAVA fördjupning/edaa01-workspace/Sudoku/bin
Launcher Type: SUN_STANDARD

Environment Variables:
PATH=/usr/bin:/bin:/usr/sbin:/sbin
SHELL=/bin/bash

Signal Handlers:
SIGSEGV: [libjvm.dylib+0x5b512d], sa_mask[0]=11111111011111110111111111111111, sa_flags=SA_ONSTACK|SA_RESTART|SA_SIGINFO
SIGBUS: [libjvm.dylib+0x5b512d], sa_mask[0]=11111111011111110111111111111111, sa_flags=SA_RESTART|SA_SIGINFO
SIGFPE: [libjvm.dylib+0x48aa90], sa_mask[0]=11111111011111110111111111111111, sa_flags=SA_RESTART|SA_SIGINFO
SIGPIPE: [libjvm.dylib+0x48aa90], sa_mask[0]=11111111011111110111111111111111, sa_flags=SA_RESTART|SA_SIGINFO
SIGXFSZ: [libjvm.dylib+0x48aa90], sa_mask[0]=11111111011111110111111111111111, sa_flags=SA_RESTART|SA_SIGINFO
SIGILL: [libjvm.dylib+0x48aa90], sa_mask[0]=11111111011111110111111111111111, sa_flags=SA_RESTART|SA_SIGINFO
SIGUSR1: SIG_DFL, sa_mask[0]=00000000000000000000000000000000, sa_flags=none
SIGUSR2: [libjvm.dylib+0x48a5ae], sa_mask[0]=00100000000000000000000000000000, sa_flags=SA_RESTART|SA_SIGINFO
SIGHUP: [libjvm.dylib+0x488b79], sa_mask[0]=11111111011111110111111111111111, sa_flags=SA_RESTART|SA_SIGINFO
SIGINT: [libjvm.dylib+0x488b79], sa_mask[0]=11111111011111110111111111111111, sa_flags=SA_RESTART|SA_SIGINFO
SIGTERM: [libjvm.dylib+0x488b79], sa_mask[0]=11111111011111110111111111111111, sa_flags=SA_RESTART|SA_SIGINFO
SIGQUIT: [libjvm.dylib+0x488b79], sa_mask[0]=11111111011111110111111111111111, sa_flags=SA_RESTART|SA_SIGINFO


---------------  S Y S T E M  ---------------

OS:Bsduname:Darwin 17.6.0 Darwin Kernel Version 17.6.0: Tue May  8 15:22:16 PDT 2018; root:xnu-4570.61.1~1/RELEASE_X86_64 x86_64
rlimit: STACK 8192k, CORE 0k, NPROC 709, NOFILE 10240, AS infinity
load average:1.99 1.83 1.87

CPU:total 4 (initial active 4) (2 cores per cpu, 2 threads per core) family 6 model 69 stepping 1, cmov, cx8, fxsr, mmx, sse, sse2, sse3, ssse3, sse4.1, sse4.2, popcnt, avx, avx2, aes, clmul, erms, lzcnt, ht, tsc, tscinvbit, bmi1, bmi2

Memory: 4k page, physical 4194304k(158024k free)

/proc/meminfo:


vm_info: Java HotSpot(TM) 64-Bit Server VM (25.171-b11) for bsd-amd64 JRE (1.8.0_171-b11), built on Mar 28 2018 12:50:57 by "java_re" with gcc 4.2.1 (Based on Apple Inc. build 5658) (LLVM build 2336.11.00)

time: Wed Aug 15 11:44:05 2018
elapsed time: 101 seconds (0d 0h 1m 41s)

